<?xml version="1.0" encoding="UTF-8"?>
<!-- Generated by org.testng.reporters.JUnitReportReporter -->
<testsuite hostname="Hernangb" failures="0" tests="1" name="mavenproject.selenium1.Test2" time="0.000" errors="0" timestamp="2021-05-26T16:34:05 ART" skipped="0">
  <testcase classname="mavenproject.selenium1.Test2" name="testmethod2" time="0.000"/>
  <system-out/>
</testsuite> <!-- mavenproject.selenium1.Test2 -->
