<?xml version="1.0" encoding="UTF-8"?>
<!-- Generated by org.testng.reporters.JUnitReportReporter -->
<testsuite hostname="Hernangb" failures="0" tests="3" name="cucumberOptions.TestNGRunner" time="11.024" errors="0" timestamp="2021-06-15T15:00:06 ART" skipped="0">
  <testcase classname="cucumberOptions.TestNGRunner" name="runScenario" time="5.320"/>
  <testcase classname="cucumberOptions.TestNGRunner" name="runScenario" time="5.618"/>
  <testcase classname="cucumberOptions.TestNGRunner" name="runScenario" time="0.086"/>
</testsuite> <!-- cucumberOptions.TestNGRunner -->
