<?xml version="1.0" encoding="UTF-8"?>
<!-- Generated by org.testng.reporters.JUnitReportReporter -->
<testsuite hostname="Hernangb" failures="0" tests="3" name="cucumberOptions.TestNGRunner" time="7.996" errors="0" timestamp="2021-06-15T15:00:44 ART" skipped="0">
  <testcase classname="cucumberOptions.TestNGRunner" name="runScenario" time="3.564"/>
  <system-out/>
  <testcase classname="cucumberOptions.TestNGRunner" name="runScenario" time="4.347"/>
  <system-out/>
  <testcase classname="cucumberOptions.TestNGRunner" name="runScenario" time="0.085"/>
  <system-out/>
</testsuite> <!-- cucumberOptions.TestNGRunner -->
