<?xml version="1.0" encoding="UTF-8"?>
<!-- Generated by org.testng.reporters.JUnitReportReporter -->
<testsuite hostname="Hernangb" failures="0" tests="1" name="mavenproject.selenium1.Test1" time="3.614" errors="0" timestamp="2021-06-15T14:57:51 ART" skipped="0">
  <testcase classname="mavenproject.selenium1.Test1" name="testcase1" time="3.614"/>
  <system-out/>
</testsuite> <!-- mavenproject.selenium1.Test1 -->
