<?xml version="1.0" encoding="UTF-8"?>
<!-- Generated by org.testng.reporters.JUnitReportReporter -->
<testsuite hostname="Hernangb" failures="0" tests="3" name="cucumberOptions.TestNGRunner" time="15.926" errors="0" timestamp="2021-06-15T15:56:46 ART" skipped="0">
  <testcase classname="cucumberOptions.TestNGRunner" name="runScenario" time="0.094"/>
  <system-out/>
  <testcase classname="cucumberOptions.TestNGRunner" name="runScenario" time="7.705"/>
  <system-out/>
  <testcase classname="cucumberOptions.TestNGRunner" name="runScenario" time="8.127"/>
  <system-out/>
</testsuite> <!-- cucumberOptions.TestNGRunner -->
